2025-06-19 03:43:10,072 - INFO -
============================================================

2025-06-19 03:43:10,072 - INFO -
=== BibTeX Updater started ===

2025-06-19 03:43:11,237 - WARNING -
[WARNING] Error fetching https://dblp.org/rec/books/aw/lamport94/bibtex - Status: 404

2025-06-19 03:43:11,237 - WARNING -
Response content: <!DOCTYPE html>
<html lang="en">
<head><meta charset="UTF-8"><title>dblp: error 404</title><link rel="home" href="https://dblp.org"><link rel="search" type="application/opensearchdescription+xml" href="https://dblp.org/xml/osd.xml" title="dblp search"><link rel="apple-touch-icon" type="image/png" sizes="192x192" href="https://dblp.org/img/dblp.icon.192x192.png"><link rel="icon" type="image/png" sizes="192x192" href="https://dblp.org/img/dblp.icon.192x192.png"><link rel="icon" type="image/png" si

2025-06-19 03:43:11,237 - INFO -
No entries updated.

2025-06-19 03:43:11,237 - INFO -
Execution time: 1.17 seconds

2025-06-19 03:43:11,237 - INFO -
=== BibTeX Updater finished ===

2025-06-19 03:43:11,237 - INFO -
============================================================

2025-06-19 03:50:42,954 - INFO -
============================================================

2025-06-19 03:50:42,954 - INFO -
=== BibTeX Updater started ===

2025-06-19 03:50:43,671 - WARNING -
[WARNING] Error fetching https://dblp.org/rec/books/aw/lamport94/bibtex - Status: 404

2025-06-19 03:50:43,671 - WARNING -
Response content: <!DOCTYPE html>
<html lang="en">
<head><meta charset="UTF-8"><title>dblp: error 404</title><link rel="home" href="https://dblp.org"><link rel="search" type="application/opensearchdescription+xml" href="https://dblp.org/xml/osd.xml" title="dblp search"><link rel="apple-touch-icon" type="image/png" sizes="192x192" href="https://dblp.org/img/dblp.icon.192x192.png"><link rel="icon" type="image/png" sizes="192x192" href="https://dblp.org/img/dblp.icon.192x192.png"><link rel="icon" type="image/png" si

2025-06-19 03:50:43,672 - INFO -
No entries updated.

2025-06-19 03:50:43,672 - INFO -
Execution time: 0.72 seconds

2025-06-19 03:50:43,672 - INFO -
=== BibTeX Updater finished ===

2025-06-19 03:50:43,672 - INFO -
============================================================

